<?xml version="1.0" encoding="UTF-8"?>
<!-- Generated by org.testng.reporters.JUnitReportReporter -->
<testsuite hostname="LAPTOP-IL8TFG41" failures="0" tests="1" name="Testcases.First" time="13.213" errors="0" timestamp="2020-07-02T23:00:24 IST" skipped="0">
  <testcase classname="Testcases.First" name="test1" time="13.213"/>
  <system-out/>
</testsuite> <!-- Testcases.First -->
