<?xml version="1.0" encoding="UTF-8"?>
<!-- Generated by org.testng.reporters.JUnitReportReporter -->
<testsuite hostname="LAPTOP-IL8TFG41" failures="0" tests="1" name="Testcases.GoogleSearchTest" time="5.960" errors="0" timestamp="2020-07-07T21:51:05 IST" skipped="0">
  <testcase classname="Testcases.GoogleSearchTest" name="Googlesearch" time="5.960"/>
  <system-out/>
</testsuite> <!-- Testcases.GoogleSearchTest -->
